<?xml version="1.0" encoding="UTF-8"?>
<!-- Generated by org.testng.reporters.JUnitReportReporter -->
<testsuite hostname="LAPTOP-8G4HRSDQ" failures="0" tests="2" name="framework.tests.DemoWebShopTests" time="16.460" errors="0" timestamp="2025-01-29T16:27:19 IST" skipped="0">
  <testcase classname="framework.tests.DemoWebShopTests" name="registerUserTest" time="5.140"/>
  <testcase classname="framework.tests.DemoWebShopTests" name="addItemToCartTest" time="11.320"/>
</testsuite> <!-- framework.tests.DemoWebShopTests -->
